[ 2017-04-26T17:32:47+08:00 ] 127.0.0.1 /facetp/avatar/
INFO: [ app_begin ] --START--
INFO: ReadHtmlCache Behavior ::run [ RunTime:0.001129s ]
INFO: [ app_begin ] --END-- [ RunTime:0.007352s ]
NOTIC: [8] Constant THEME_NAME already defined F:\wamp\www\facetp\ThinkPHP\Lib\Core\View.class.php 第 221 行.
NOTIC: [8] Constant THEME_PATH already defined F:\wamp\www\facetp\ThinkPHP\Lib\Core\View.class.php 第 172 行.
NOTIC: [8] Constant APP_TMPL_PATH already defined F:\wamp\www\facetp\ThinkPHP\Lib\Core\View.class.php 第 173 行.
INFO: [ view_parse ] --START--
INFO: ParseTemplate Behavior ::run [ RunTime:0.018199s ]
INFO: [ view_parse ] --END-- [ RunTime:0.018378s ]
INFO: [ view_filter ] --START--
INFO: ContentReplace Behavior ::run [ RunTime:0.000606s ]
INFO: TokenBuild Behavior ::run [ RunTime:0.000638s ]
INFO: WriteHtmlCache Behavior ::run [ RunTime:0.000515s ]
INFO: ShowRuntime Behavior ::run [ RunTime:0.000761s ]
INFO: [ view_filter ] --END-- [ RunTime:0.002903s ]
INFO: [ view_end ] --START--
INFO: ShowPageTrace Behavior ::run [ RunTime:0.000886s ]
INFO: [ view_end ] --END-- [ RunTime:0.001015s ]

[ 2017-04-26T17:32:54+08:00 ] 127.0.0.1 /facetp/avatar/Index/upfile
INFO: [ route_check ] --START--
INFO: CheckRoute Behavior ::run [ RunTime:0.000862s ]
INFO: [ route_check ] --END-- [ RunTime:0.000959s ]
INFO: [ app_begin ] --START--
INFO: ReadHtmlCache Behavior ::run [ RunTime:0.000545s ]
INFO: [ app_begin ] --END-- [ RunTime:0.000617s ]

